{
  "stats": {
    "suites": 1,
    "tests": 5,
    "passes": 5,
    "pending": 0,
    "failures": 0,
    "start": "2022-05-18T15:47:34.441Z",
    "end": "2022-05-18T15:47:35.992Z",
    "duration": 1551
  },
  "tests": [
    {
      "title": "gets nodeID",
      "fullTitle": "p_blockChain: test blockchain healthy gets nodeID",
      "file": "/Users/ddiscua/Desktop/FiWork/Repos/avax-eth-test/test/p_blockChain.test.js",
      "duration": 361,
      "currentRetry": 0,
      "speed": "slow",
      "err": {}
    },
    {
      "title": "verify if blockchain exists",
      "fullTitle": "p_blockChain: test blockchain healthy verify if blockchain exists",
      "file": "/Users/ddiscua/Desktop/FiWork/Repos/avax-eth-test/test/p_blockChain.test.js",
      "duration": 258,
      "currentRetry": 0,
      "speed": "slow",
      "err": {}
    },
    {
      "title": "verify if blockchain is being validated",
      "fullTitle": "p_blockChain: test blockchain healthy verify if blockchain is being validated",
      "file": "/Users/ddiscua/Desktop/FiWork/Repos/avax-eth-test/test/p_blockChain.test.js",
      "duration": 236,
      "currentRetry": 0,
      "speed": "slow",
      "err": {}
    },
    {
      "title": "verify if subnetID is validating the blockchain",
      "fullTitle": "p_blockChain: test blockchain healthy verify if subnetID is validating the blockchain",
      "file": "/Users/ddiscua/Desktop/FiWork/Repos/avax-eth-test/test/p_blockChain.test.js",
      "duration": 364,
      "currentRetry": 0,
      "speed": "slow",
      "err": {}
    },
    {
      "title": "verify if node is validating current blockchain",
      "fullTitle": "p_blockChain: test blockchain healthy verify if node is validating current blockchain",
      "file": "/Users/ddiscua/Desktop/FiWork/Repos/avax-eth-test/test/p_blockChain.test.js",
      "duration": 327,
      "currentRetry": 0,
      "speed": "slow",
      "err": {}
    }
  ],
  "pending": [],
  "failures": [],
  "passes": [
    {
      "title": "gets nodeID",
      "fullTitle": "p_blockChain: test blockchain healthy gets nodeID",
      "file": "/Users/ddiscua/Desktop/FiWork/Repos/avax-eth-test/test/p_blockChain.test.js",
      "duration": 361,
      "currentRetry": 0,
      "speed": "slow",
      "err": {}
    },
    {
      "title": "verify if blockchain exists",
      "fullTitle": "p_blockChain: test blockchain healthy verify if blockchain exists",
      "file": "/Users/ddiscua/Desktop/FiWork/Repos/avax-eth-test/test/p_blockChain.test.js",
      "duration": 258,
      "currentRetry": 0,
      "speed": "slow",
      "err": {}
    },
    {
      "title": "verify if blockchain is being validated",
      "fullTitle": "p_blockChain: test blockchain healthy verify if blockchain is being validated",
      "file": "/Users/ddiscua/Desktop/FiWork/Repos/avax-eth-test/test/p_blockChain.test.js",
      "duration": 236,
      "currentRetry": 0,
      "speed": "slow",
      "err": {}
    },
    {
      "title": "verify if subnetID is validating the blockchain",
      "fullTitle": "p_blockChain: test blockchain healthy verify if subnetID is validating the blockchain",
      "file": "/Users/ddiscua/Desktop/FiWork/Repos/avax-eth-test/test/p_blockChain.test.js",
      "duration": 364,
      "currentRetry": 0,
      "speed": "slow",
      "err": {}
    },
    {
      "title": "verify if node is validating current blockchain",
      "fullTitle": "p_blockChain: test blockchain healthy verify if node is validating current blockchain",
      "file": "/Users/ddiscua/Desktop/FiWork/Repos/avax-eth-test/test/p_blockChain.test.js",
      "duration": 327,
      "currentRetry": 0,
      "speed": "slow",
      "err": {}
    }
  ]
}